-------------------------------------------------------------------------------
Test set: homework04_Test.NegativeTest
-------------------------------------------------------------------------------
Tests run: 1, Failures: 1, Errors: 0, Skipped: 0, Time elapsed: 0.068 s <<< FAILURE! - in homework04_Test.NegativeTest
negative_test  Time elapsed: 0.033 s  <<< FAILURE!
org.opentest4j.AssertionFailedError: expected: <0.0> but was: <-1.0>
	at homework04_Test.NegativeTest.negative_test(NegativeTest.java:18)

